<?xml version="1.0" encoding="UTF-8"?>
<testsuite xmlns:xsi="http://www.w3.org/2001/XMLSchema-instance" xsi:noNamespaceSchemaLocation="https://maven.apache.org/surefire/maven-surefire-plugin/xsd/surefire-test-report.xsd" version="3.0.2" name="com.tipsi.tipsi_api.TipsiApiApplicationTests" time="2.835" tests="1" errors="0" skipped="0" failures="0" flakes="0">
  <properties>
[...]
</properties>
  <testcase name="contextLoads" classname="com.tipsi.tipsi_api.TipsiApiApplicationTests" time="0.267">
    <system-out><![CDATA[18:19:07.079 [main] INFO org.springframework.test.context.support.AnnotationConfigContextLoaderUtils -- Could not detect default configuration classes for test class [com.tipsi.tipsi_api.TipsiApiApplicationTests]: TipsiApiApplicationTests does not declare any static, non-private, non-final, nested classes annotated with @Configuration.
18:19:07.137 [main] INFO org.springframework.boot.test.context.SpringBootTestContextBootstrapper -- Found @SpringBootConfiguration com.tipsi.tipsi_api.TipsiApiApplication for test class com.tipsi.tipsi_api.TipsiApiApplicationTests
18:19:07.184 [main] INFO org.springframework.test.context.support.AnnotationConfigContextLoaderUtils -- Could not detect default configuration classes for test class [com.tipsi.tipsi_api.TipsiApiApplicationTests]: TipsiApiApplicationTests does not declare any static, non-private, non-final, nested classes annotated with @Configuration.
18:19:07.185 [main] INFO org.springframework.boot.test.context.SpringBootTestContextBootstrapper -- Found @SpringBootConfiguration com.tipsi.tipsi_api.TipsiApiApplication for test class com.tipsi.tipsi_api.TipsiApiApplicationTests

  .   ____          _            __ _ _
 /\\ / ___'_ __ _ _(_)_ __  __ _ \ \ \ \
( ( )\___ | '_ | '_| | '_ \/ _` | \ \ \ \
 \\/  ___)| |_)| | | | | || (_| |  ) ) ) )
  '  |____| .__|_| |_|_| |_\__, | / / / /
 =========|_|==============|___/=/_/_/_/

 :: Spring Boot ::                (v4.0.7)

2026-07-22T18:19:07.348+01:00  INFO 31441 --- [           main] c.t.tipsi_api.TipsiApiApplicationTests   : Starting TipsiApiApplicationTests using Java 26.0.1 with PID 31441 (started by ronalyn in /Users/ronalyn/Documents/BeepBoopCode/tipsi-api)
2026-07-22T18:19:07.348+01:00 DEBUG 31441 --- [           main] c.t.tipsi_api.TipsiApiApplicationTests   : Running with Spring Boot v4.0.7, Spring v7.0.8
2026-07-22T18:19:07.349+01:00  INFO 31441 --- [           main] c.t.tipsi_api.TipsiApiApplicationTests   : No active profile set, falling back to 1 default profile: "default"
2026-07-22T18:19:07.651+01:00  INFO 31441 --- [           main] .s.d.r.c.RepositoryConfigurationDelegate : Bootstrapping Spring Data JPA repositories in DEFAULT mode.
2026-07-22T18:19:07.674+01:00  INFO 31441 --- [           main] .s.d.r.c.RepositoryConfigurationDelegate : Finished Spring Data repository scanning in 19 ms. Found 1 JPA repository interface.
2026-07-22T18:19:08.056+01:00  INFO 31441 --- [           main] org.hibernate.orm.jpa                    : HHH008540: Processing PersistenceUnitInfo [name: default]
2026-07-22T18:19:08.093+01:00  INFO 31441 --- [           main] org.hibernate.orm.core                   : HHH000001: Hibernate ORM core version 7.2.19.Final
2026-07-22T18:19:08.325+01:00  INFO 31441 --- [           main] o.s.o.j.p.SpringPersistenceUnitInfo      : No LoadTimeWeaver setup: ignoring JPA class transformer
2026-07-22T18:19:08.342+01:00  INFO 31441 --- [           main] com.zaxxer.hikari.HikariDataSource       : HikariPool-1 - Starting...
2026-07-22T18:19:08.403+01:00  INFO 31441 --- [           main] com.zaxxer.hikari.pool.HikariPool        : HikariPool-1 - Added connection org.postgresql.jdbc.PgConnection@303fbc4
2026-07-22T18:19:08.403+01:00  INFO 31441 --- [           main] com.zaxxer.hikari.HikariDataSource       : HikariPool-1 - Start completed.
2026-07-22T18:19:08.424+01:00  WARN 31441 --- [           main] org.hibernate.orm.deprecation            : HHH90000025: PostgreSQLDialect does not need to be specified explicitly using 'hibernate.dialect' (remove the property setting and it will be selected by default)
2026-07-22T18:19:08.438+01:00  INFO 31441 --- [           main] org.hibernate.orm.connections.pooling    : HHH10001005: Database info:
	Database JDBC URL [jdbc:postgresql://localhost:5432/tipsi]
	Database driver: PostgreSQL JDBC Driver
	Database dialect: PostgreSQLDialect
	Database version: 14.23
	Default catalog/schema: tipsi/public
	Autocommit mode: undefined/unknown
	Isolation level: READ_COMMITTED [default READ_COMMITTED]
	JDBC fetch size: none
	Pool: DataSourceConnectionProvider
	Minimum pool size: undefined/unknown
	Maximum pool size: undefined/unknown
2026-07-22T18:19:08.897+01:00  INFO 31441 --- [           main] org.hibernate.orm.core                   : HHH000489: No JTA platform available (set 'hibernate.transaction.jta.platform' to enable JTA platform integration)
Hibernate: 
    create table users (
        id bigint generated by default as identity,
        created_at timestamp(6) not null,
        email varchar(255) not null,
        password_hash varchar(255) not null,
        user_type varchar(255) not null check ((user_type in ('CLIENT','TECHNICIAN'))),
        primary key (id)
    )
Hibernate: 
    alter table if exists users 
       drop constraint if exists UK6dotkott2kjsp8vw4d0m25fb7
2026-07-22T18:19:08.975+01:00  WARN 31441 --- [           main] org.hibernate.orm.jdbc.warn              : HHH000247: ErrorCode: 0, SQLState: 00000
2026-07-22T18:19:08.975+01:00  WARN 31441 --- [           main] org.hibernate.orm.jdbc.warn              : constraint "uk6dotkott2kjsp8vw4d0m25fb7" of relation "users" does not exist, skipping
Hibernate: 
    alter table if exists users 
       add constraint UK6dotkott2kjsp8vw4d0m25fb7 unique (email)
2026-07-22T18:19:08.977+01:00  INFO 31441 --- [           main] j.LocalContainerEntityManagerFactoryBean : Initialized JPA EntityManagerFactory for persistence unit 'default'
2026-07-22T18:19:09.064+01:00  WARN 31441 --- [           main] JpaBaseConfiguration$JpaWebConfiguration : spring.jpa.open-in-view is enabled by default. Therefore, database queries may be performed during view rendering. Explicitly configure spring.jpa.open-in-view to disable this warning
2026-07-22T18:19:09.120+01:00  INFO 31441 --- [           main] r$InitializeUserDetailsManagerConfigurer : Global AuthenticationManager configured with UserDetailsService bean with name inMemoryUserDetailsManager
2026-07-22T18:19:09.217+01:00  INFO 31441 --- [           main] o.s.d.j.r.query.QueryEnhancerFactories   : Hibernate is in classpath; If applicable, HQL parser will be used.
2026-07-22T18:19:09.546+01:00  INFO 31441 --- [           main] c.t.tipsi_api.TipsiApiApplicationTests   : Started TipsiApiApplicationTests in 2.324 seconds (process running for 2.882)
2026-07-22T18:19:09.549+01:00  WARN 31441 --- [           main] o.s.core.events.SpringDocAppInitializer  : SpringDoc /v3/api-docs endpoint is enabled by default. To disable it in production, set the property 'springdoc.api-docs.enabled=false'
2026-07-22T18:19:09.549+01:00  WARN 31441 --- [           main] o.s.core.events.SpringDocAppInitializer  : SpringDoc /swagger-ui.html endpoint is enabled by default. To disable it in production, set the property 'springdoc.swagger-ui.enabled=false'
]]></system-out>
    <system-err><![CDATA[Mockito is currently self-attaching to enable the inline-mock-maker. This will no longer work in future releases of the JDK. Please add Mockito as an agent to your build as described in Mockito's documentation: https://javadoc.io/doc/org.mockito/mockito-core/latest/org.mockito/org/mockito/Mockito.html#0.3
WARNING: A Java agent has been loaded dynamically (/Users/ronalyn/.m2/repository/net/bytebuddy/byte-buddy-agent/1.17.8/byte-buddy-agent-1.17.8.jar)
WARNING: If a serviceability tool is in use, please run with -XX:+EnableDynamicAgentLoading to hide this warning
WARNING: If a serviceability tool is not in use, please run with -Djdk.instrument.traceUsage for more information
WARNING: Dynamic loading of agents will be disallowed by default in a future release
]]></system-err>
  </testcase>
</testsuite>